<?xml version="1.0" encoding="UTF-8"?>
<!-- Generated by org.testng.reporters.JUnitReportReporter -->
<testsuite hostname="DESKTOP-D1M9H04" failures="0" tests="1" name="testScript.WorkingWithAddAddress" time="15.848" errors="0" timestamp="2024-01-06T21:42:52 IST" skipped="0">
  <testcase classname="testScript.WorkingWithAddAddress" name="addAddress" time="15.848"/>
</testsuite> <!-- testScript.WorkingWithAddAddress -->
