<?xml version="1.0" encoding="UTF-8"?>
<!-- Generated by org.testng.reporters.JUnitReportReporter -->
<testsuite hostname="DESKTOP-D1M9H04" failures="0" tests="1" name="baseclass.BaseClass" time="6.490" errors="0" timestamp="2024-01-05T04:31:31 IST" skipped="0">
  <testcase classname="baseclass.BaseClass" name="openBrowser" time="6.490"/>
</testsuite> <!-- baseclass.BaseClass -->
